<?xml version="1.0" encoding="UTF-8"?>
<testng-results skipped="0" failed="0" ignored="0" total="2" passed="2">
  <reporter-output>
  </reporter-output>
  <suite name="Suite" duration-ms="2069" started-at="2020-03-15T05:08:02Z" finished-at="2020-03-15T05:08:04Z">
    <groups>
    </groups>
    <test name="Test" duration-ms="2069" started-at="2020-03-15T05:08:02Z" finished-at="2020-03-15T05:08:04Z">
      <class name="com.testcase.Logintest">
        <test-method status="PASS" signature="setup()[pri:0, instance:com.testcase.Logintest@11be3c5]" name="setup" is-config="true" duration-ms="9543" started-at="2020-03-15T05:07:52Z" finished-at="2020-03-15T05:08:02Z">
          <reporter-output>
          </reporter-output>
        </test-method> <!-- setup -->
        <test-method status="PASS" signature="test01()[pri:0, instance:com.testcase.Logintest@11be3c5]" name="test01" duration-ms="1752" started-at="2020-03-15T05:08:02Z" finished-at="2020-03-15T05:08:04Z">
          <reporter-output>
          </reporter-output>
        </test-method> <!-- test01 -->
        <test-method status="PASS" signature="test02()[pri:0, instance:com.testcase.Logintest@11be3c5]" name="test02" duration-ms="273" started-at="2020-03-15T05:08:04Z" finished-at="2020-03-15T05:08:04Z">
          <reporter-output>
          </reporter-output>
        </test-method> <!-- test02 -->
      </class> <!-- com.testcase.Logintest -->
    </test> <!-- Test -->
  </suite> <!-- Suite -->
</testng-results>
