<?xml version="1.0" encoding="UTF-8"?>
<testng-results skipped="0" failed="0" ignored="0" total="2" passed="2">
  <reporter-output>
  </reporter-output>
  <suite name="Default suite" duration-ms="2877" started-at="2020-03-15T05:04:32Z" finished-at="2020-03-15T05:04:35Z">
    <groups>
    </groups>
    <test name="Default test" duration-ms="2877" started-at="2020-03-15T05:04:32Z" finished-at="2020-03-15T05:04:35Z">
      <class name="com.testcase.Logintest">
        <test-method status="PASS" signature="setup()[pri:0, instance:com.testcase.Logintest@475530b9]" name="setup" is-config="true" duration-ms="9130" started-at="2020-03-15T05:04:23Z" finished-at="2020-03-15T05:04:32Z">
          <reporter-output>
          </reporter-output>
        </test-method> <!-- setup -->
        <test-method status="PASS" signature="test01()[pri:0, instance:com.testcase.Logintest@475530b9]" name="test01" duration-ms="2120" started-at="2020-03-15T05:04:33Z" finished-at="2020-03-15T05:04:35Z">
          <reporter-output>
          </reporter-output>
        </test-method> <!-- test01 -->
        <test-method status="PASS" signature="test02()[pri:0, instance:com.testcase.Logintest@475530b9]" name="test02" duration-ms="675" started-at="2020-03-15T05:04:35Z" finished-at="2020-03-15T05:04:35Z">
          <reporter-output>
          </reporter-output>
        </test-method> <!-- test02 -->
      </class> <!-- com.testcase.Logintest -->
    </test> <!-- Default test -->
  </suite> <!-- Default suite -->
</testng-results>
